<?xml version="1.0" encoding="UTF-8"?>
<!-- Generated by org.testng.reporters.JUnitReportReporter -->
<testsuite hostname="Karthik_Laptop" failures="1" tests="9" name="runner.PetStoreRunner" time="28.480" errors="0" timestamp="2026-01-23T22:29:32 IST" skipped="0">
  <testcase classname="runner.PetStoreRunner" name="runScenario" time="8.653"/>
  <system-out/>
  <testcase classname="runner.PetStoreRunner" name="runScenario" time="1.649"/>
  <system-out/>
  <testcase classname="runner.PetStoreRunner" name="runScenario" time="1.679"/>
  <system-out/>
  <testcase classname="runner.PetStoreRunner" name="runScenario" time="3.105"/>
  <system-out/>
  <testcase classname="runner.PetStoreRunner" name="runScenario" time="3.170"/>
  <system-out/>
  <testcase classname="runner.PetStoreRunner" name="runScenario" time="1.933"/>
  <system-out/>
  <testcase classname="runner.PetStoreRunner" name="runScenario" time="1.637"/>
  <system-out/>
  <testcase classname="runner.PetStoreRunner" name="runScenario" time="3.366">
    <failure message="Status Code Mismatch! expected [404] but found [200]" type="java.lang.AssertionError">
      <![CDATA[java.lang.AssertionError: Status Code Mismatch! expected [404] but found [200]
at org.testng.Assert.fail(Assert.java:110)
at org.testng.Assert.failNotEquals(Assert.java:1577)
at org.testng.Assert.assertEqualsImpl(Assert.java:149)
at org.testng.Assert.assertEquals(Assert.java:131)
at org.testng.Assert.assertEquals(Assert.java:1418)
at org.testng.Assert.assertEquals(Assert.java:1382)
at stepDefinition.StepDefinition.response_code_check(StepDefinition.java:303)
at âœ½.The response status code should be 404(file:///C:/Users/karth/eclipse-workspace/petstore2/src/test/resources/feature/petstore.feature:364)
]]>
    </failure>
  </testcase> <!-- runScenario -->
  <system-out/>
  <testcase classname="runner.PetStoreRunner" name="runScenario" time="3.288"/>
  <system-out/>
</testsuite> <!-- runner.PetStoreRunner -->
